  MyForm.cpp
E:\DIP\New folder (2)\DIP TOOLBOX\Project2\MyForm.h(990,63): warning C4244: 'argument': conversion from 'int' to '_Tp', possible loss of data
          with
          [
              _Tp=float
          ]
E:\DIP\New folder (2)\DIP TOOLBOX\Project2\MyForm.h(990,49): warning C4244: 'argument': conversion from 'int' to '_Tp', possible loss of data
          with
          [
              _Tp=float
          ]
E:\DIP\New folder (2)\DIP TOOLBOX\Project2\MyForm.h(1043,60): warning C4244: '=': conversion from 'double' to '_Tp', possible loss of data
          with
          [
              _Tp=uchar
          ]
E:\DIP\New folder (2)\DIP TOOLBOX\Project2\MyForm.h(1236,33): warning C4244: 'argument': conversion from 'int' to '_Tp', possible loss of data
          with
          [
              _Tp=float
          ]
E:\DIP\New folder (2)\DIP TOOLBOX\Project2\MyForm.h(1237,37): warning C4244: 'argument': conversion from 'int' to '_Tp', possible loss of data
          with
          [
              _Tp=float
          ]
E:\DIP\New folder (2)\DIP TOOLBOX\Project2\MyForm.h(1237,21): warning C4244: 'argument': conversion from 'int' to '_Tp', possible loss of data
          with
          [
              _Tp=float
          ]
E:\DIP\New folder (2)\DIP TOOLBOX\Project2\MyForm.h(1240,33): warning C4244: 'argument': conversion from 'int' to '_Tp', possible loss of data
          with
          [
              _Tp=float
          ]
E:\DIP\New folder (2)\DIP TOOLBOX\Project2\MyForm.h(1241,37): warning C4244: 'argument': conversion from 'int' to '_Tp', possible loss of data
          with
          [
              _Tp=float
          ]
E:\DIP\New folder (2)\DIP TOOLBOX\Project2\MyForm.h(1241,21): warning C4244: 'argument': conversion from 'int' to '_Tp', possible loss of data
          with
          [
              _Tp=float
          ]
E:\DIP\New folder (2)\DIP TOOLBOX\Project2\MyForm.cpp(6,33): warning C4829: Possibly incorrect parameters to function main. Consider 'int main(Platform::Array<Platform::String^>^ argv)'
C:\opencv\build\include\opencv2\core\cuda.inl.hpp(105): warning C4793: 'cv::cuda::GpuMat::GpuMat': function compiled as native:
  	Found an intrinsic not supported in managed code
C:\opencv\build\include\opencv2\core\cuda.inl.hpp(401): warning C4793: 'cv::cuda::HostMem::HostMem': function compiled as native:
  	Found an intrinsic not supported in managed code
C:\opencv\build\include\opencv2\core\mat.inl.hpp(545): warning C4793: 'cv::Mat::Mat': function compiled as native:
  	Found an intrinsic not supported in managed code
C:\opencv\build\include\opencv2\core\mat.inl.hpp(865): warning C4793: 'cv::Mat::release': function compiled as native:
  	Found an intrinsic not supported in managed code
C:\opencv\build\include\opencv2\core\mat.inl.hpp(2204): warning C4793: 'cv::SparseMat::addref': function compiled as native:
  	Found an intrinsic not supported in managed code
C:\opencv\build\include\opencv2\core\mat.inl.hpp(3807): warning C4793: 'cv::UMat::addref': function compiled as native:
  	Found an intrinsic not supported in managed code
C:\opencv\build\include\opencv2\core\mat.inl.hpp(763): warning C4793: 'cv::Mat::operator=': function compiled as native:
  	Found an intrinsic not supported in managed code
C:\opencv\build\include\opencv2\core\mat.inl.hpp(865): warning C4793: 'cv::Mat::release': function compiled as native:
  	Found an intrinsic not supported in managed code
  MyForm.obj : MSIL module encountered; incremental linking is disabled for MSIL; performing full link
  Project2.vcxproj -> E:\DIP\New folder (2)\DIP TOOLBOX\x64\Release\Project2.exe
